[debug] [2025-08-31T02:55:21.573Z] ----------------------------------------------------------------------
[debug] [2025-08-31T02:55:21.576Z] Command:       C:\node.exe C:\Users\PC\AppData\Roaming\npm\node_modules\firebase-tools\lib\bin\firebase.js deploy --only functions --force
[debug] [2025-08-31T02:55:21.576Z] CLI Version:   14.15.1
[debug] [2025-08-31T02:55:21.576Z] Platform:      win32
[debug] [2025-08-31T02:55:21.577Z] Node Version:  v22.17.0
[debug] [2025-08-31T02:55:21.577Z] Time:          Sun Aug 31 2025 05:55:21 GMT+0300 (שעון ישראל (קיץ))
[debug] [2025-08-31T02:55:21.577Z] ----------------------------------------------------------------------
[debug] 
[debug] [2025-08-31T02:55:21.775Z] > command requires scopes: ["email","openid","https://www.googleapis.com/auth/cloudplatformprojects.readonly","https://www.googleapis.com/auth/firebase","https://www.googleapis.com/auth/cloud-platform"]
[debug] [2025-08-31T02:55:21.775Z] > authorizing via signed-in user (yonatancarmeli123@gmail.com)
[debug] [2025-08-31T02:55:21.775Z] [iam] checking project social-vault for permissions ["cloudfunctions.functions.create","cloudfunctions.functions.delete","cloudfunctions.functions.get","cloudfunctions.functions.list","cloudfunctions.functions.update","cloudfunctions.operations.get","firebase.projects.get"]
[debug] [2025-08-31T02:55:21.777Z] Checked if tokens are valid: true, expires at: 1756610077533
[debug] [2025-08-31T02:55:21.777Z] Checked if tokens are valid: true, expires at: 1756610077533
[debug] [2025-08-31T02:55:21.778Z] >>> [apiv2][query] POST https://cloudresourcemanager.googleapis.com/v1/projects/social-vault:testIamPermissions [none]
[debug] [2025-08-31T02:55:21.778Z] >>> [apiv2][(partial)header] POST https://cloudresourcemanager.googleapis.com/v1/projects/social-vault:testIamPermissions x-goog-quota-user=projects/social-vault
[debug] [2025-08-31T02:55:21.778Z] >>> [apiv2][body] POST https://cloudresourcemanager.googleapis.com/v1/projects/social-vault:testIamPermissions {"permissions":["cloudfunctions.functions.create","cloudfunctions.functions.delete","cloudfunctions.functions.get","cloudfunctions.functions.list","cloudfunctions.functions.update","cloudfunctions.operations.get","firebase.projects.get"]}
[debug] [2025-08-31T02:55:22.747Z] <<< [apiv2][status] POST https://cloudresourcemanager.googleapis.com/v1/projects/social-vault:testIamPermissions 200
[debug] [2025-08-31T02:55:22.747Z] <<< [apiv2][body] POST https://cloudresourcemanager.googleapis.com/v1/projects/social-vault:testIamPermissions {"permissions":["cloudfunctions.functions.create","cloudfunctions.functions.delete","cloudfunctions.functions.get","cloudfunctions.functions.list","cloudfunctions.functions.update","cloudfunctions.operations.get","firebase.projects.get"]}
[debug] [2025-08-31T02:55:22.747Z] Checked if tokens are valid: true, expires at: 1756610077533
[debug] [2025-08-31T02:55:22.747Z] Checked if tokens are valid: true, expires at: 1756610077533
[debug] [2025-08-31T02:55:22.747Z] >>> [apiv2][query] POST https://iam.googleapis.com/v1/projects/social-vault/serviceAccounts/social-vault@appspot.gserviceaccount.com:testIamPermissions [none]
[debug] [2025-08-31T02:55:22.747Z] >>> [apiv2][body] POST https://iam.googleapis.com/v1/projects/social-vault/serviceAccounts/social-vault@appspot.gserviceaccount.com:testIamPermissions {"permissions":["iam.serviceAccounts.actAs"]}
[debug] [2025-08-31T02:55:23.671Z] <<< [apiv2][status] POST https://iam.googleapis.com/v1/projects/social-vault/serviceAccounts/social-vault@appspot.gserviceaccount.com:testIamPermissions 200
[debug] [2025-08-31T02:55:23.671Z] <<< [apiv2][body] POST https://iam.googleapis.com/v1/projects/social-vault/serviceAccounts/social-vault@appspot.gserviceaccount.com:testIamPermissions {"permissions":["iam.serviceAccounts.actAs"]}
[info] 
[info] === Deploying to 'social-vault'...
[info] 
[info] i  deploying functions 
[debug] [2025-08-31T02:55:23.674Z] Checked if tokens are valid: true, expires at: 1756610077533
[debug] [2025-08-31T02:55:23.674Z] Checked if tokens are valid: true, expires at: 1756610077533
[debug] [2025-08-31T02:55:23.675Z] >>> [apiv2][query] GET https://cloudresourcemanager.googleapis.com/v1/projects/social-vault [none]
[debug] [2025-08-31T02:55:23.904Z] <<< [apiv2][status] GET https://cloudresourcemanager.googleapis.com/v1/projects/social-vault 200
[debug] [2025-08-31T02:55:23.904Z] <<< [apiv2][body] GET https://cloudresourcemanager.googleapis.com/v1/projects/social-vault {"projectNumber":"929613087809","projectId":"social-vault","lifecycleState":"ACTIVE","name":"Social-Vault","labels":{"firebase":"enabled"},"createTime":"2024-12-05T07:34:23.956460Z"}
[info] i  functions: preparing codebase email_verification for deployment 
[info] i  functions: ensuring required API cloudfunctions.googleapis.com is enabled... 
[info] i  functions: ensuring required API cloudbuild.googleapis.com is enabled... 
[info] i  artifactregistry: ensuring required API artifactregistry.googleapis.com is enabled... 
[debug] [2025-08-31T02:55:23.907Z] Checked if tokens are valid: true, expires at: 1756610077533
[debug] [2025-08-31T02:55:23.907Z] Checked if tokens are valid: true, expires at: 1756610077533
[debug] [2025-08-31T02:55:23.907Z] >>> [apiv2][query] GET https://firebase.googleapis.com/v1beta1/projects/social-vault/adminSdkConfig [none]
[debug] [2025-08-31T02:55:24.300Z] <<< [apiv2][status] GET https://firebase.googleapis.com/v1beta1/projects/social-vault/adminSdkConfig 200
[debug] [2025-08-31T02:55:24.300Z] <<< [apiv2][body] GET https://firebase.googleapis.com/v1beta1/projects/social-vault/adminSdkConfig {"projectId":"social-vault","storageBucket":"social-vault.firebasestorage.app"}
[debug] [2025-08-31T02:55:24.301Z] Checked if tokens are valid: true, expires at: 1756610077533
[debug] [2025-08-31T02:55:24.301Z] Checked if tokens are valid: true, expires at: 1756610077533
[debug] [2025-08-31T02:55:24.301Z] >>> [apiv2][query] GET https://runtimeconfig.googleapis.com/v1beta1/projects/social-vault/configs [none]
[debug] [2025-08-31T02:55:24.587Z] <<< [apiv2][status] GET https://runtimeconfig.googleapis.com/v1beta1/projects/social-vault/configs 200
[debug] [2025-08-31T02:55:24.587Z] <<< [apiv2][body] GET https://runtimeconfig.googleapis.com/v1beta1/projects/social-vault/configs {"configs":[{"name":"projects/social-vault/configs/instagram"}]}
[debug] [2025-08-31T02:55:24.587Z] Checked if tokens are valid: true, expires at: 1756610077533
[debug] [2025-08-31T02:55:24.587Z] Checked if tokens are valid: true, expires at: 1756610077533
[debug] [2025-08-31T02:55:24.588Z] >>> [apiv2][query] GET https://runtimeconfig.googleapis.com/v1beta1/projects/social-vault/configs/instagram/variables [none]
[debug] [2025-08-31T02:55:24.800Z] <<< [apiv2][status] GET https://runtimeconfig.googleapis.com/v1beta1/projects/social-vault/configs/instagram/variables 200
[debug] [2025-08-31T02:55:24.800Z] <<< [apiv2][body] GET https://runtimeconfig.googleapis.com/v1beta1/projects/social-vault/configs/instagram/variables {}
[debug] [2025-08-31T02:55:24.802Z] Validating nodejs source
[warn] !  functions: Runtime Node.js 18 was deprecated on 2025-04-30 and will be decommissioned on 2025-10-30, after which you will not be able to deploy without upgrading. Consider upgrading now to avoid disruption. See https://cloud.google.com/functions/docs/runtime-support for full details on the lifecycle policy 
[debug] [2025-08-31T02:55:25.597Z] > [functions] package.json contents: {
  "name": "functions",
  "description": "Cloud Functions for Firebase",
  "scripts": {
    "serve": "firebase emulators:start --only functions",
    "shell": "firebase functions:shell",
    "start": "npm run shell",
    "deploy": "firebase deploy --only functions",
    "logs": "firebase functions:log"
  },
  "engines": {
    "node": "18"
  },
  "main": "index.js",
  "dependencies": {
    "cors": "^2.8.5",
    "firebase-admin": "^13.5.0",
    "firebase-functions": "^6.4.0",
    "nodemailer": "^6.9.7"
  },
  "devDependencies": {
    "firebase-functions-test": "^3.1.0"
  },
  "private": true
}
[debug] [2025-08-31T02:55:25.598Z] Building nodejs source
[info] i  functions: Loading and analyzing source code for codebase email_verification to determine what to deploy 
[debug] [2025-08-31T02:55:25.599Z] Could not find functions.yaml. Must use http discovery
[debug] [2025-08-31T02:55:25.606Z] Found firebase-functions binary at 'C:\projects\SocialVault\email_verification\node_modules\.bin\firebase-functions'
[info] Serving at port 8975

[debug] [2025-08-31T02:55:26.140Z] Got response from /__/functions.yaml {"endpoints":{"sendVerificationEmailHttp":{"availableMemoryMb":null,"timeoutSeconds":null,"minInstances":null,"maxInstances":null,"ingressSettings":null,"concurrency":null,"serviceAccountEmail":null,"vpc":null,"platform":"gcfv2","labels":{},"httpsTrigger":{},"entryPoint":"sendVerificationEmailHttp"},"sendVerificationEmail":{"availableMemoryMb":null,"timeoutSeconds":null,"minInstances":null,"maxInstances":null,"ingressSettings":null,"concurrency":null,"serviceAccountEmail":null,"vpc":null,"platform":"gcfv2","labels":{},"callableTrigger":{},"entryPoint":"sendVerificationEmail"},"verifyCode":{"availableMemoryMb":null,"timeoutSeconds":null,"minInstances":null,"maxInstances":null,"ingressSettings":null,"concurrency":null,"serviceAccountEmail":null,"vpc":null,"platform":"gcfv2","labels":{},"callableTrigger":{},"entryPoint":"verifyCode"},"sendPasswordResetEmail":{"availableMemoryMb":null,"timeoutSeconds":null,"minInstances":null,"maxInstances":null,"ingressSettings":null,"concurrency":null,"serviceAccountEmail":null,"vpc":null,"platform":"gcfv2","labels":{},"callableTrigger":{},"entryPoint":"sendPasswordResetEmail"}},"specVersion":"v1alpha1","requiredAPIs":[],"extensions":{}}
[info] i  extensions: ensuring required API firebaseextensions.googleapis.com is enabled... 
[debug] [2025-08-31T02:55:30.178Z] > command requires scopes: ["email","openid","https://www.googleapis.com/auth/cloudplatformprojects.readonly","https://www.googleapis.com/auth/firebase","https://www.googleapis.com/auth/cloud-platform"]
[debug] [2025-08-31T02:55:30.178Z] > authorizing via signed-in user (yonatancarmeli123@gmail.com)
[debug] [2025-08-31T02:55:30.178Z] [iam] checking project social-vault for permissions ["firebase.projects.get","firebaseextensions.instances.list"]
[debug] [2025-08-31T02:55:30.178Z] Checked if tokens are valid: true, expires at: 1756610077533
[debug] [2025-08-31T02:55:30.178Z] Checked if tokens are valid: true, expires at: 1756610077533
[debug] [2025-08-31T02:55:30.178Z] >>> [apiv2][query] POST https://cloudresourcemanager.googleapis.com/v1/projects/social-vault:testIamPermissions [none]
[debug] [2025-08-31T02:55:30.178Z] >>> [apiv2][(partial)header] POST https://cloudresourcemanager.googleapis.com/v1/projects/social-vault:testIamPermissions x-goog-quota-user=projects/social-vault
[debug] [2025-08-31T02:55:30.178Z] >>> [apiv2][body] POST https://cloudresourcemanager.googleapis.com/v1/projects/social-vault:testIamPermissions {"permissions":["firebase.projects.get","firebaseextensions.instances.list"]}
[debug] [2025-08-31T02:55:31.082Z] <<< [apiv2][status] POST https://cloudresourcemanager.googleapis.com/v1/projects/social-vault:testIamPermissions 200
[debug] [2025-08-31T02:55:31.082Z] <<< [apiv2][body] POST https://cloudresourcemanager.googleapis.com/v1/projects/social-vault:testIamPermissions {"permissions":["firebase.projects.get","firebaseextensions.instances.list"]}
[debug] [2025-08-31T02:55:31.082Z] Checked if tokens are valid: true, expires at: 1756610077533
[debug] [2025-08-31T02:55:31.082Z] Checked if tokens are valid: true, expires at: 1756610077533
[debug] [2025-08-31T02:55:31.082Z] >>> [apiv2][query] GET https://firebaseextensions.googleapis.com/v1beta/projects/social-vault/instances pageSize=100&pageToken=
[debug] [2025-08-31T02:55:32.128Z] <<< [apiv2][status] GET https://firebaseextensions.googleapis.com/v1beta/projects/social-vault/instances 200
[debug] [2025-08-31T02:55:32.128Z] <<< [apiv2][body] GET https://firebaseextensions.googleapis.com/v1beta/projects/social-vault/instances {}
[info] i  functions: preparing email_verification directory for uploading... 
[info] i  functions: packaged C:\projects\SocialVault\email_verification (70.15 KB) for uploading 
[debug] [2025-08-31T02:55:32.164Z] Checked if tokens are valid: true, expires at: 1756610077533
[debug] [2025-08-31T02:55:32.164Z] Checked if tokens are valid: true, expires at: 1756610077533
[debug] [2025-08-31T02:55:32.164Z] >>> [apiv2][query] GET https://cloudfunctions.googleapis.com/v1/projects/social-vault/locations/-/functions [none]
[debug] [2025-08-31T02:55:32.760Z] <<< [apiv2][status] GET https://cloudfunctions.googleapis.com/v1/projects/social-vault/locations/-/functions 200
[debug] [2025-08-31T02:55:32.761Z] <<< [apiv2][body] GET https://cloudfunctions.googleapis.com/v1/projects/social-vault/locations/-/functions {"functions":[{"name":"projects/social-vault/locations/us-central1/functions/getLinkPreview","httpsTrigger":{"url":"https://us-central1-social-vault.cloudfunctions.net/getLinkPreview","securityLevel":"SECURE_ALWAYS"},"status":"ACTIVE","entryPoint":"getLinkPreview","timeout":"60s","availableMemoryMb":256,"serviceAccountEmail":"social-vault@appspot.gserviceaccount.com","updateTime":"2025-08-13T02:53:00.643Z","versionId":"5","labels":{"deployment-tool":"cli-firebase","firebase-functions-hash":"fde4895d8695b751ef509fed5d732208f9761ec7"},"sourceUploadUrl":"https://storage.googleapis.com/uploads-833812325300.us-central1.cloudfunctions.appspot.com/fd6bb1dc-5620-4065-977b-56c4337b3cba.zip","environmentVariables":{"FIREBASE_CONFIG":"{\"projectId\":\"social-vault\",\"storageBucket\":\"social-vault.firebasestorage.app\"}","GCLOUD_PROJECT":"social-vault","EVENTARC_CLOUD_EVENT_SOURCE":"projects/social-vault/locations/us-central1/functions/getLinkPreview"},"runtime":"nodejs20","ingressSettings":"ALLOW_ALL","buildId":"f8d5ace7-64a9-42ed-9a2f-fcd9bc8a999e","buildEnvironmentVariables":{"GOOGLE_NODE_RUN_SCRIPTS":""},"buildName":"projects/929613087809/locations/us-central1/builds/f8d5ace7-64a9-42ed-9a2f-fcd9bc8a999e","dockerRegistry":"ARTIFACT_REGISTRY","automaticUpdatePolicy":{},"buildServiceAccount":"projects/social-vault/serviceAccounts/929613087809-compute@developer.gserviceaccount.com","satisfiesPzi":true}]}
[debug] [2025-08-31T02:55:32.761Z] Checked if tokens are valid: true, expires at: 1756610077533
[debug] [2025-08-31T02:55:32.761Z] Checked if tokens are valid: true, expires at: 1756610077533
[debug] [2025-08-31T02:55:32.762Z] >>> [apiv2][query] GET https://cloudfunctions.googleapis.com/v2/projects/social-vault/locations/-/functions filter=environment%3D%22GEN_2%22
[debug] [2025-08-31T02:55:33.710Z] <<< [apiv2][status] GET https://cloudfunctions.googleapis.com/v2/projects/social-vault/locations/-/functions 200
[debug] [2025-08-31T02:55:33.710Z] <<< [apiv2][body] GET https://cloudfunctions.googleapis.com/v2/projects/social-vault/locations/-/functions {"functions":[{"name":"projects/social-vault/locations/us-central1/functions/sendVerificationEmail","buildConfig":{"build":"projects/929613087809/locations/us-central1/builds/ba03d46a-4a69-4a7c-a7f8-5daca228121a","runtime":"nodejs18","entryPoint":"sendVerificationEmail","source":{"storageSource":{"bucket":"gcf-v2-sources-929613087809-us-central1","object":"sendVerificationEmail/function-source.zip","generation":"1756608811640421"}},"environmentVariables":{"GOOGLE_NODE_RUN_SCRIPTS":""},"dockerRepository":"projects/social-vault/locations/us-central1/repositories/gcf-artifacts","sourceProvenance":{"resolvedStorageSource":{"bucket":"gcf-v2-sources-929613087809-us-central1","object":"sendVerificationEmail/function-source.zip","generation":"1756608811640421"}},"dockerRegistry":"ARTIFACT_REGISTRY","serviceAccount":"projects/social-vault/serviceAccounts/929613087809-compute@developer.gserviceaccount.com","automaticUpdatePolicy":{}},"serviceConfig":{"service":"projects/social-vault/locations/us-central1/services/sendverificationemail","timeoutSeconds":60,"environmentVariables":{"FIREBASE_CONFIG":"{\"projectId\":\"social-vault\",\"storageBucket\":\"social-vault.firebasestorage.app\"}","GCLOUD_PROJECT":"social-vault","EVENTARC_CLOUD_EVENT_SOURCE":"projects/social-vault/locations/us-central1/services/sendVerificationEmail","FUNCTION_TARGET":"sendVerificationEmail","LOG_EXECUTION_ID":"true"},"maxInstanceCount":20,"ingressSettings":"ALLOW_ALL","uri":"https://sendverificationemail-57eyovomeq-uc.a.run.app","serviceAccountEmail":"929613087809-compute@developer.gserviceaccount.com","availableMemory":"256Mi","allTrafficOnLatestRevision":true,"revision":"sendverificationemail-00007-muj","maxInstanceRequestConcurrency":80,"availableCpu":"1"},"state":"ACTIVE","updateTime":"2025-08-31T02:54:22.679866425Z","labels":{"deployment-callable":"true","firebase-functions-codebase":"email_verification","firebase-functions-hash":"085ee5ffe793cdee05c71b7ca2e6ebbe1109cada","deployment-tool":"cli-firebase"},"environment":"GEN_2","url":"https://us-central1-social-vault.cloudfunctions.net/sendVerificationEmail","createTime":"2025-08-31T01:01:59.383979278Z","satisfiesPzi":true},{"name":"projects/social-vault/locations/us-central1/functions/sendPasswordResetEmail","buildConfig":{"build":"projects/929613087809/locations/us-central1/builds/ba03d46a-4a69-4a7c-a7f8-5daca228121a","runtime":"nodejs18","entryPoint":"sendPasswordResetEmail","source":{"storageSource":{"bucket":"gcf-v2-sources-929613087809-us-central1","object":"sendPasswordResetEmail/function-source.zip","generation":"1756608865497046"}},"environmentVariables":{"GOOGLE_NODE_RUN_SCRIPTS":""},"dockerRepository":"projects/social-vault/locations/us-central1/repositories/gcf-artifacts","sourceProvenance":{"resolvedStorageSource":{"bucket":"gcf-v2-sources-929613087809-us-central1","object":"sendPasswordResetEmail/function-source.zip","generation":"1756608865497046"}},"dockerRegistry":"ARTIFACT_REGISTRY","serviceAccount":"projects/social-vault/serviceAccounts/929613087809-compute@developer.gserviceaccount.com","automaticUpdatePolicy":{}},"serviceConfig":{"service":"projects/social-vault/locations/us-central1/services/sendpasswordresetemail","timeoutSeconds":60,"environmentVariables":{"FIREBASE_CONFIG":"{\"projectId\":\"social-vault\",\"storageBucket\":\"social-vault.firebasestorage.app\"}","GCLOUD_PROJECT":"social-vault","EVENTARC_CLOUD_EVENT_SOURCE":"projects/social-vault/locations/us-central1/services/sendPasswordResetEmail","FUNCTION_TARGET":"sendPasswordResetEmail","LOG_EXECUTION_ID":"true","FUNCTION_SIGNATURE_TYPE":"http"},"maxInstanceCount":20,"ingressSettings":"ALLOW_ALL","uri":"https://sendpasswordresetemail-57eyovomeq-uc.a.run.app","serviceAccountEmail":"929613087809-compute@developer.gserviceaccount.com","availableMemory":"256Mi","allTrafficOnLatestRevision":true,"revision":"sendpasswordresetemail-00007-vek","maxInstanceRequestConcurrency":80,"availableCpu":"1"},"state":"ACTIVE","updateTime":"2025-08-31T02:54:37.522880318Z","labels":{"deployment-callable":"true","firebase-functions-codebase":"email_verification","firebase-functions-hash":"085ee5ffe793cdee05c71b7ca2e6ebbe1109cada","deployment-tool":"cli-firebase"},"environment":"GEN_2","url":"https://us-central1-social-vault.cloudfunctions.net/sendPasswordResetEmail","createTime":"2025-08-31T01:02:53.085601755Z","satisfiesPzi":true},{"name":"projects/social-vault/locations/us-central1/functions/verifyCode","buildConfig":{"build":"projects/929613087809/locations/us-central1/builds/ba03d46a-4a69-4a7c-a7f8-5daca228121a","runtime":"nodejs18","entryPoint":"verifyCode","source":{"storageSource":{"bucket":"gcf-v2-sources-929613087809-us-central1","object":"verifyCode/function-source.zip","generation":"1756608865368317"}},"environmentVariables":{"GOOGLE_NODE_RUN_SCRIPTS":""},"dockerRepository":"projects/social-vault/locations/us-central1/repositories/gcf-artifacts","sourceProvenance":{"resolvedStorageSource":{"bucket":"gcf-v2-sources-929613087809-us-central1","object":"verifyCode/function-source.zip","generation":"1756608865368317"}},"dockerRegistry":"ARTIFACT_REGISTRY","serviceAccount":"projects/social-vault/serviceAccounts/929613087809-compute@developer.gserviceaccount.com","automaticUpdatePolicy":{}},"serviceConfig":{"service":"projects/social-vault/locations/us-central1/services/verifycode","timeoutSeconds":60,"environmentVariables":{"FIREBASE_CONFIG":"{\"projectId\":\"social-vault\",\"storageBucket\":\"social-vault.firebasestorage.app\"}","GCLOUD_PROJECT":"social-vault","EVENTARC_CLOUD_EVENT_SOURCE":"projects/social-vault/locations/us-central1/services/verifyCode","FUNCTION_TARGET":"verifyCode","LOG_EXECUTION_ID":"true","FUNCTION_SIGNATURE_TYPE":"http"},"maxInstanceCount":20,"ingressSettings":"ALLOW_ALL","uri":"https://verifycode-57eyovomeq-uc.a.run.app","serviceAccountEmail":"929613087809-compute@developer.gserviceaccount.com","availableMemory":"256Mi","allTrafficOnLatestRevision":true,"revision":"verifycode-00007-key","maxInstanceRequestConcurrency":80,"availableCpu":"1"},"state":"ACTIVE","updateTime":"2025-08-31T02:54:37.563107108Z","labels":{"firebase-functions-hash":"085ee5ffe793cdee05c71b7ca2e6ebbe1109cada","deployment-tool":"cli-firebase","deployment-callable":"true","firebase-functions-codebase":"email_verification"},"environment":"GEN_2","url":"https://us-central1-social-vault.cloudfunctions.net/verifyCode","createTime":"2025-08-31T01:02:53.024743151Z","satisfiesPzi":true}]}
[info] i  functions: ensuring required API run.googleapis.com is enabled... 
[info] i  functions: ensuring required API eventarc.googleapis.com is enabled... 
[info] i  functions: ensuring required API pubsub.googleapis.com is enabled... 
[info] i  functions: ensuring required API storage.googleapis.com is enabled... 
[info] i  functions: generating the service identity for pubsub.googleapis.com... 
[debug] [2025-08-31T02:55:33.715Z] Checked if tokens are valid: true, expires at: 1756610077533
[debug] [2025-08-31T02:55:33.715Z] Checked if tokens are valid: true, expires at: 1756610077533
[info] i  functions: generating the service identity for eventarc.googleapis.com... 
[debug] [2025-08-31T02:55:33.715Z] Checked if tokens are valid: true, expires at: 1756610077533
[debug] [2025-08-31T02:55:33.715Z] Checked if tokens are valid: true, expires at: 1756610077533
[debug] [2025-08-31T02:55:33.715Z] >>> [apiv2][query] POST https://serviceusage.googleapis.com/v1beta1/projects/929613087809/services/pubsub.googleapis.com:generateServiceIdentity [none]
[debug] [2025-08-31T02:55:33.715Z] >>> [apiv2][(partial)header] POST https://serviceusage.googleapis.com/v1beta1/projects/929613087809/services/pubsub.googleapis.com:generateServiceIdentity x-goog-quota-user=projects/929613087809
[debug] [2025-08-31T02:55:33.716Z] >>> [apiv2][body] POST https://serviceusage.googleapis.com/v1beta1/projects/929613087809/services/pubsub.googleapis.com:generateServiceIdentity {}
[debug] [2025-08-31T02:55:33.717Z] >>> [apiv2][query] POST https://serviceusage.googleapis.com/v1beta1/projects/929613087809/services/eventarc.googleapis.com:generateServiceIdentity [none]
[debug] [2025-08-31T02:55:33.717Z] >>> [apiv2][(partial)header] POST https://serviceusage.googleapis.com/v1beta1/projects/929613087809/services/eventarc.googleapis.com:generateServiceIdentity x-goog-quota-user=projects/929613087809
[debug] [2025-08-31T02:55:33.717Z] >>> [apiv2][body] POST https://serviceusage.googleapis.com/v1beta1/projects/929613087809/services/eventarc.googleapis.com:generateServiceIdentity {}
[debug] [2025-08-31T02:55:34.915Z] <<< [apiv2][status] POST https://serviceusage.googleapis.com/v1beta1/projects/929613087809/services/pubsub.googleapis.com:generateServiceIdentity 200
[debug] [2025-08-31T02:55:34.915Z] <<< [apiv2][body] POST https://serviceusage.googleapis.com/v1beta1/projects/929613087809/services/pubsub.googleapis.com:generateServiceIdentity {"name":"operations/finished.DONE_OPERATION","done":true,"response":{"@type":"type.googleapis.com/google.api.serviceusage.v1beta1.ServiceIdentity","email":"service-929613087809@gcp-sa-pubsub.iam.gserviceaccount.com","uniqueId":"102358688177681703827"}}
[debug] [2025-08-31T02:55:34.922Z] <<< [apiv2][status] POST https://serviceusage.googleapis.com/v1beta1/projects/929613087809/services/eventarc.googleapis.com:generateServiceIdentity 200
[debug] [2025-08-31T02:55:34.923Z] <<< [apiv2][body] POST https://serviceusage.googleapis.com/v1beta1/projects/929613087809/services/eventarc.googleapis.com:generateServiceIdentity {"name":"operations/finished.DONE_OPERATION","done":true,"response":{"@type":"type.googleapis.com/google.api.serviceusage.v1beta1.ServiceIdentity","email":"service-929613087809@gcp-sa-eventarc.iam.gserviceaccount.com","uniqueId":"104654316954045508075"}}
[debug] [2025-08-31T02:55:34.924Z] Checked if tokens are valid: true, expires at: 1756610077533
[debug] [2025-08-31T02:55:34.924Z] Checked if tokens are valid: true, expires at: 1756610077533
[debug] [2025-08-31T02:55:34.924Z] >>> [apiv2][query] GET https://cloudresourcemanager.googleapis.com/v1/projects/social-vault [none]
[debug] [2025-08-31T02:55:35.144Z] <<< [apiv2][status] GET https://cloudresourcemanager.googleapis.com/v1/projects/social-vault 200
[debug] [2025-08-31T02:55:35.144Z] <<< [apiv2][body] GET https://cloudresourcemanager.googleapis.com/v1/projects/social-vault {"projectNumber":"929613087809","projectId":"social-vault","lifecycleState":"ACTIVE","name":"Social-Vault","labels":{"firebase":"enabled"},"createTime":"2024-12-05T07:34:23.956460Z"}
[debug] [2025-08-31T02:55:35.144Z] Checked if tokens are valid: true, expires at: 1756610077533
[debug] [2025-08-31T02:55:35.144Z] Checked if tokens are valid: true, expires at: 1756610077533
[debug] [2025-08-31T02:55:35.144Z] >>> [apiv2][query] GET https://compute.googleapis.com/compute/v1/projects/929613087809 [none]
[debug] [2025-08-31T02:55:35.376Z] <<< [apiv2][status] GET https://compute.googleapis.com/compute/v1/projects/929613087809 403
[debug] [2025-08-31T02:55:35.376Z] <<< [apiv2][body] GET https://compute.googleapis.com/compute/v1/projects/929613087809 {"error":{"code":403,"message":"Compute Engine API has not been used in project 929613087809 before or it is disabled. Enable it by visiting https://console.developers.google.com/apis/api/compute.googleapis.com/overview?project=929613087809 then retry. If you enabled this API recently, wait a few minutes for the action to propagate to our systems and retry.","errors":[{"message":"Compute Engine API has not been used in project 929613087809 before or it is disabled. Enable it by visiting https://console.developers.google.com/apis/api/compute.googleapis.com/overview?project=929613087809 then retry. If you enabled this API recently, wait a few minutes for the action to propagate to our systems and retry.","domain":"usageLimits","reason":"accessNotConfigured","extendedHelp":"https://console.developers.google.com"}],"status":"PERMISSION_DENIED","details":[{"@type":"type.googleapis.com/google.rpc.ErrorInfo","reason":"SERVICE_DISABLED","domain":"googleapis.com","metadata":{"consumer":"projects/929613087809","containerInfo":"929613087809","activationUrl":"https://console.developers.google.com/apis/api/compute.googleapis.com/overview?project=929613087809","serviceTitle":"Compute Engine API","service":"compute.googleapis.com"}},{"@type":"type.googleapis.com/google.rpc.LocalizedMessage","locale":"en-US","message":"Compute Engine API has not been used in project 929613087809 before or it is disabled. Enable it by visiting https://console.developers.google.com/apis/api/compute.googleapis.com/overview?project=929613087809 then retry. If you enabled this API recently, wait a few minutes for the action to propagate to our systems and retry."},{"@type":"type.googleapis.com/google.rpc.Help","links":[{"description":"Google developers console API activation","url":"https://console.developers.google.com/apis/api/compute.googleapis.com/overview?project=929613087809"}]}]}}
[debug] [2025-08-31T02:55:35.377Z] unable to look up default compute service account. Falling back to 929613087809-compute@developer.gserviceaccount.com. Error: {"name":"FirebaseError","children":[],"context":{"body":{"error":{"code":403,"message":"Compute Engine API has not been used in project 929613087809 before or it is disabled. Enable it by visiting https://console.developers.google.com/apis/api/compute.googleapis.com/overview?project=929613087809 then retry. If you enabled this API recently, wait a few minutes for the action to propagate to our systems and retry.","errors":[{"message":"Compute Engine API has not been used in project 929613087809 before or it is disabled. Enable it by visiting https://console.developers.google.com/apis/api/compute.googleapis.com/overview?project=929613087809 then retry. If you enabled this API recently, wait a few minutes for the action to propagate to our systems and retry.","domain":"usageLimits","reason":"accessNotConfigured","extendedHelp":"https://console.developers.google.com"}],"status":"PERMISSION_DENIED","details":[{"@type":"type.googleapis.com/google.rpc.ErrorInfo","reason":"SERVICE_DISABLED","domain":"googleapis.com","metadata":{"consumer":"projects/929613087809","containerInfo":"929613087809","activationUrl":"https://console.developers.google.com/apis/api/compute.googleapis.com/overview?project=929613087809","serviceTitle":"Compute Engine API","service":"compute.googleapis.com"}},{"@type":"type.googleapis.com/google.rpc.LocalizedMessage","locale":"en-US","message":"Compute Engine API has not been used in project 929613087809 before or it is disabled. Enable it by visiting https://console.developers.google.com/apis/api/compute.googleapis.com/overview?project=929613087809 then retry. If you enabled this API recently, wait a few minutes for the action to propagate to our systems and retry."},{"@type":"type.googleapis.com/google.rpc.Help","links":[{"description":"Google developers console API activation","url":"https://console.developers.google.com/apis/api/compute.googleapis.com/overview?project=929613087809"}]}]}},"response":{"statusCode":403}},"exit":1,"message":"Request to https://compute.googleapis.com/compute/v1/projects/929613087809 had HTTP Error: 403, Compute Engine API has not been used in project 929613087809 before or it is disabled. Enable it by visiting https://console.developers.google.com/apis/api/compute.googleapis.com/overview?project=929613087809 then retry. If you enabled this API recently, wait a few minutes for the action to propagate to our systems and retry.","status":403}
[debug] [2025-08-31T02:55:35.377Z] Checked if tokens are valid: true, expires at: 1756610077533
[debug] [2025-08-31T02:55:35.377Z] Checked if tokens are valid: true, expires at: 1756610077533
[debug] [2025-08-31T02:55:35.377Z] >>> [apiv2][query] GET https://compute.googleapis.com/compute/v1/projects/929613087809 [none]
[debug] [2025-08-31T02:55:35.548Z] <<< [apiv2][status] GET https://compute.googleapis.com/compute/v1/projects/929613087809 403
[debug] [2025-08-31T02:55:35.548Z] <<< [apiv2][body] GET https://compute.googleapis.com/compute/v1/projects/929613087809 {"error":{"code":403,"message":"Compute Engine API has not been used in project 929613087809 before or it is disabled. Enable it by visiting https://console.developers.google.com/apis/api/compute.googleapis.com/overview?project=929613087809 then retry. If you enabled this API recently, wait a few minutes for the action to propagate to our systems and retry.","errors":[{"message":"Compute Engine API has not been used in project 929613087809 before or it is disabled. Enable it by visiting https://console.developers.google.com/apis/api/compute.googleapis.com/overview?project=929613087809 then retry. If you enabled this API recently, wait a few minutes for the action to propagate to our systems and retry.","domain":"usageLimits","reason":"accessNotConfigured","extendedHelp":"https://console.developers.google.com"}],"status":"PERMISSION_DENIED","details":[{"@type":"type.googleapis.com/google.rpc.ErrorInfo","reason":"SERVICE_DISABLED","domain":"googleapis.com","metadata":{"activationUrl":"https://console.developers.google.com/apis/api/compute.googleapis.com/overview?project=929613087809","consumer":"projects/929613087809","serviceTitle":"Compute Engine API","containerInfo":"929613087809","service":"compute.googleapis.com"}},{"@type":"type.googleapis.com/google.rpc.LocalizedMessage","locale":"en-US","message":"Compute Engine API has not been used in project 929613087809 before or it is disabled. Enable it by visiting https://console.developers.google.com/apis/api/compute.googleapis.com/overview?project=929613087809 then retry. If you enabled this API recently, wait a few minutes for the action to propagate to our systems and retry."},{"@type":"type.googleapis.com/google.rpc.Help","links":[{"description":"Google developers console API activation","url":"https://console.developers.google.com/apis/api/compute.googleapis.com/overview?project=929613087809"}]}]}}
[debug] [2025-08-31T02:55:35.548Z] unable to look up default compute service account. Falling back to 929613087809-compute@developer.gserviceaccount.com. Error: {"name":"FirebaseError","children":[],"context":{"body":{"error":{"code":403,"message":"Compute Engine API has not been used in project 929613087809 before or it is disabled. Enable it by visiting https://console.developers.google.com/apis/api/compute.googleapis.com/overview?project=929613087809 then retry. If you enabled this API recently, wait a few minutes for the action to propagate to our systems and retry.","errors":[{"message":"Compute Engine API has not been used in project 929613087809 before or it is disabled. Enable it by visiting https://console.developers.google.com/apis/api/compute.googleapis.com/overview?project=929613087809 then retry. If you enabled this API recently, wait a few minutes for the action to propagate to our systems and retry.","domain":"usageLimits","reason":"accessNotConfigured","extendedHelp":"https://console.developers.google.com"}],"status":"PERMISSION_DENIED","details":[{"@type":"type.googleapis.com/google.rpc.ErrorInfo","reason":"SERVICE_DISABLED","domain":"googleapis.com","metadata":{"activationUrl":"https://console.developers.google.com/apis/api/compute.googleapis.com/overview?project=929613087809","consumer":"projects/929613087809","serviceTitle":"Compute Engine API","containerInfo":"929613087809","service":"compute.googleapis.com"}},{"@type":"type.googleapis.com/google.rpc.LocalizedMessage","locale":"en-US","message":"Compute Engine API has not been used in project 929613087809 before or it is disabled. Enable it by visiting https://console.developers.google.com/apis/api/compute.googleapis.com/overview?project=929613087809 then retry. If you enabled this API recently, wait a few minutes for the action to propagate to our systems and retry."},{"@type":"type.googleapis.com/google.rpc.Help","links":[{"description":"Google developers console API activation","url":"https://console.developers.google.com/apis/api/compute.googleapis.com/overview?project=929613087809"}]}]}},"response":{"statusCode":403}},"exit":1,"message":"Request to https://compute.googleapis.com/compute/v1/projects/929613087809 had HTTP Error: 403, Compute Engine API has not been used in project 929613087809 before or it is disabled. Enable it by visiting https://console.developers.google.com/apis/api/compute.googleapis.com/overview?project=929613087809 then retry. If you enabled this API recently, wait a few minutes for the action to propagate to our systems and retry.","status":403}
[debug] [2025-08-31T02:55:35.548Z] Checked if tokens are valid: true, expires at: 1756610077533
[debug] [2025-08-31T02:55:35.548Z] Checked if tokens are valid: true, expires at: 1756610077533
[debug] [2025-08-31T02:55:35.548Z] >>> [apiv2][query] GET https://compute.googleapis.com/compute/v1/projects/929613087809 [none]
[debug] [2025-08-31T02:55:35.716Z] <<< [apiv2][status] GET https://compute.googleapis.com/compute/v1/projects/929613087809 403
[debug] [2025-08-31T02:55:35.716Z] <<< [apiv2][body] GET https://compute.googleapis.com/compute/v1/projects/929613087809 {"error":{"code":403,"message":"Compute Engine API has not been used in project 929613087809 before or it is disabled. Enable it by visiting https://console.developers.google.com/apis/api/compute.googleapis.com/overview?project=929613087809 then retry. If you enabled this API recently, wait a few minutes for the action to propagate to our systems and retry.","errors":[{"message":"Compute Engine API has not been used in project 929613087809 before or it is disabled. Enable it by visiting https://console.developers.google.com/apis/api/compute.googleapis.com/overview?project=929613087809 then retry. If you enabled this API recently, wait a few minutes for the action to propagate to our systems and retry.","domain":"usageLimits","reason":"accessNotConfigured","extendedHelp":"https://console.developers.google.com"}],"status":"PERMISSION_DENIED","details":[{"@type":"type.googleapis.com/google.rpc.ErrorInfo","reason":"SERVICE_DISABLED","domain":"googleapis.com","metadata":{"activationUrl":"https://console.developers.google.com/apis/api/compute.googleapis.com/overview?project=929613087809","consumer":"projects/929613087809","serviceTitle":"Compute Engine API","service":"compute.googleapis.com","containerInfo":"929613087809"}},{"@type":"type.googleapis.com/google.rpc.LocalizedMessage","locale":"en-US","message":"Compute Engine API has not been used in project 929613087809 before or it is disabled. Enable it by visiting https://console.developers.google.com/apis/api/compute.googleapis.com/overview?project=929613087809 then retry. If you enabled this API recently, wait a few minutes for the action to propagate to our systems and retry."},{"@type":"type.googleapis.com/google.rpc.Help","links":[{"description":"Google developers console API activation","url":"https://console.developers.google.com/apis/api/compute.googleapis.com/overview?project=929613087809"}]}]}}
[debug] [2025-08-31T02:55:35.716Z] unable to look up default compute service account. Falling back to 929613087809-compute@developer.gserviceaccount.com. Error: {"name":"FirebaseError","children":[],"context":{"body":{"error":{"code":403,"message":"Compute Engine API has not been used in project 929613087809 before or it is disabled. Enable it by visiting https://console.developers.google.com/apis/api/compute.googleapis.com/overview?project=929613087809 then retry. If you enabled this API recently, wait a few minutes for the action to propagate to our systems and retry.","errors":[{"message":"Compute Engine API has not been used in project 929613087809 before or it is disabled. Enable it by visiting https://console.developers.google.com/apis/api/compute.googleapis.com/overview?project=929613087809 then retry. If you enabled this API recently, wait a few minutes for the action to propagate to our systems and retry.","domain":"usageLimits","reason":"accessNotConfigured","extendedHelp":"https://console.developers.google.com"}],"status":"PERMISSION_DENIED","details":[{"@type":"type.googleapis.com/google.rpc.ErrorInfo","reason":"SERVICE_DISABLED","domain":"googleapis.com","metadata":{"activationUrl":"https://console.developers.google.com/apis/api/compute.googleapis.com/overview?project=929613087809","consumer":"projects/929613087809","serviceTitle":"Compute Engine API","service":"compute.googleapis.com","containerInfo":"929613087809"}},{"@type":"type.googleapis.com/google.rpc.LocalizedMessage","locale":"en-US","message":"Compute Engine API has not been used in project 929613087809 before or it is disabled. Enable it by visiting https://console.developers.google.com/apis/api/compute.googleapis.com/overview?project=929613087809 then retry. If you enabled this API recently, wait a few minutes for the action to propagate to our systems and retry."},{"@type":"type.googleapis.com/google.rpc.Help","links":[{"description":"Google developers console API activation","url":"https://console.developers.google.com/apis/api/compute.googleapis.com/overview?project=929613087809"}]}]}},"response":{"statusCode":403}},"exit":1,"message":"Request to https://compute.googleapis.com/compute/v1/projects/929613087809 had HTTP Error: 403, Compute Engine API has not been used in project 929613087809 before or it is disabled. Enable it by visiting https://console.developers.google.com/apis/api/compute.googleapis.com/overview?project=929613087809 then retry. If you enabled this API recently, wait a few minutes for the action to propagate to our systems and retry.","status":403}
[debug] [2025-08-31T02:55:35.716Z] Checked if tokens are valid: true, expires at: 1756610077533
[debug] [2025-08-31T02:55:35.716Z] Checked if tokens are valid: true, expires at: 1756610077533
[debug] [2025-08-31T02:55:35.717Z] >>> [apiv2][query] GET https://compute.googleapis.com/compute/v1/projects/929613087809 [none]
[debug] [2025-08-31T02:55:35.883Z] <<< [apiv2][status] GET https://compute.googleapis.com/compute/v1/projects/929613087809 403
[debug] [2025-08-31T02:55:35.883Z] <<< [apiv2][body] GET https://compute.googleapis.com/compute/v1/projects/929613087809 {"error":{"code":403,"message":"Compute Engine API has not been used in project 929613087809 before or it is disabled. Enable it by visiting https://console.developers.google.com/apis/api/compute.googleapis.com/overview?project=929613087809 then retry. If you enabled this API recently, wait a few minutes for the action to propagate to our systems and retry.","errors":[{"message":"Compute Engine API has not been used in project 929613087809 before or it is disabled. Enable it by visiting https://console.developers.google.com/apis/api/compute.googleapis.com/overview?project=929613087809 then retry. If you enabled this API recently, wait a few minutes for the action to propagate to our systems and retry.","domain":"usageLimits","reason":"accessNotConfigured","extendedHelp":"https://console.developers.google.com"}],"status":"PERMISSION_DENIED","details":[{"@type":"type.googleapis.com/google.rpc.ErrorInfo","reason":"SERVICE_DISABLED","domain":"googleapis.com","metadata":{"service":"compute.googleapis.com","consumer":"projects/929613087809","serviceTitle":"Compute Engine API","containerInfo":"929613087809","activationUrl":"https://console.developers.google.com/apis/api/compute.googleapis.com/overview?project=929613087809"}},{"@type":"type.googleapis.com/google.rpc.LocalizedMessage","locale":"en-US","message":"Compute Engine API has not been used in project 929613087809 before or it is disabled. Enable it by visiting https://console.developers.google.com/apis/api/compute.googleapis.com/overview?project=929613087809 then retry. If you enabled this API recently, wait a few minutes for the action to propagate to our systems and retry."},{"@type":"type.googleapis.com/google.rpc.Help","links":[{"description":"Google developers console API activation","url":"https://console.developers.google.com/apis/api/compute.googleapis.com/overview?project=929613087809"}]}]}}
[debug] [2025-08-31T02:55:35.883Z] unable to look up default compute service account. Falling back to 929613087809-compute@developer.gserviceaccount.com. Error: {"name":"FirebaseError","children":[],"context":{"body":{"error":{"code":403,"message":"Compute Engine API has not been used in project 929613087809 before or it is disabled. Enable it by visiting https://console.developers.google.com/apis/api/compute.googleapis.com/overview?project=929613087809 then retry. If you enabled this API recently, wait a few minutes for the action to propagate to our systems and retry.","errors":[{"message":"Compute Engine API has not been used in project 929613087809 before or it is disabled. Enable it by visiting https://console.developers.google.com/apis/api/compute.googleapis.com/overview?project=929613087809 then retry. If you enabled this API recently, wait a few minutes for the action to propagate to our systems and retry.","domain":"usageLimits","reason":"accessNotConfigured","extendedHelp":"https://console.developers.google.com"}],"status":"PERMISSION_DENIED","details":[{"@type":"type.googleapis.com/google.rpc.ErrorInfo","reason":"SERVICE_DISABLED","domain":"googleapis.com","metadata":{"service":"compute.googleapis.com","consumer":"projects/929613087809","serviceTitle":"Compute Engine API","containerInfo":"929613087809","activationUrl":"https://console.developers.google.com/apis/api/compute.googleapis.com/overview?project=929613087809"}},{"@type":"type.googleapis.com/google.rpc.LocalizedMessage","locale":"en-US","message":"Compute Engine API has not been used in project 929613087809 before or it is disabled. Enable it by visiting https://console.developers.google.com/apis/api/compute.googleapis.com/overview?project=929613087809 then retry. If you enabled this API recently, wait a few minutes for the action to propagate to our systems and retry."},{"@type":"type.googleapis.com/google.rpc.Help","links":[{"description":"Google developers console API activation","url":"https://console.developers.google.com/apis/api/compute.googleapis.com/overview?project=929613087809"}]}]}},"response":{"statusCode":403}},"exit":1,"message":"Request to https://compute.googleapis.com/compute/v1/projects/929613087809 had HTTP Error: 403, Compute Engine API has not been used in project 929613087809 before or it is disabled. Enable it by visiting https://console.developers.google.com/apis/api/compute.googleapis.com/overview?project=929613087809 then retry. If you enabled this API recently, wait a few minutes for the action to propagate to our systems and retry.","status":403}
[debug] [2025-08-31T02:55:35.884Z] Checked if tokens are valid: true, expires at: 1756610077533
[debug] [2025-08-31T02:55:35.884Z] Checked if tokens are valid: true, expires at: 1756610077533
[debug] [2025-08-31T02:55:35.884Z] >>> [apiv2][query] GET https://cloudbilling.googleapis.com/v1/projects/social-vault/billingInfo [none]
[debug] [2025-08-31T02:55:36.599Z] <<< [apiv2][status] GET https://cloudbilling.googleapis.com/v1/projects/social-vault/billingInfo 200
[debug] [2025-08-31T02:55:36.599Z] <<< [apiv2][body] GET https://cloudbilling.googleapis.com/v1/projects/social-vault/billingInfo {"name":"projects/social-vault/billingInfo","projectId":"social-vault","billingAccountName":"billingAccounts/01E2FF-3309BC-382904","billingEnabled":true}
[debug] [2025-08-31T02:55:36.600Z] [functions] found 1 new HTTP functions, testing setIamPolicy permission...
[debug] [2025-08-31T02:55:36.600Z] Checked if tokens are valid: true, expires at: 1756610077533
[debug] [2025-08-31T02:55:36.600Z] Checked if tokens are valid: true, expires at: 1756610077533
[debug] [2025-08-31T02:55:36.601Z] >>> [apiv2][query] POST https://cloudresourcemanager.googleapis.com/v1/projects/social-vault:testIamPermissions [none]
[debug] [2025-08-31T02:55:36.601Z] >>> [apiv2][(partial)header] POST https://cloudresourcemanager.googleapis.com/v1/projects/social-vault:testIamPermissions x-goog-quota-user=projects/social-vault
[debug] [2025-08-31T02:55:36.601Z] >>> [apiv2][body] POST https://cloudresourcemanager.googleapis.com/v1/projects/social-vault:testIamPermissions {"permissions":["cloudfunctions.functions.setIamPolicy"]}
[debug] [2025-08-31T02:55:36.775Z] <<< [apiv2][status] POST https://cloudresourcemanager.googleapis.com/v1/projects/social-vault:testIamPermissions 200
[debug] [2025-08-31T02:55:36.775Z] <<< [apiv2][body] POST https://cloudresourcemanager.googleapis.com/v1/projects/social-vault:testIamPermissions {"permissions":["cloudfunctions.functions.setIamPolicy"]}
[debug] [2025-08-31T02:55:36.775Z] [functions] found setIamPolicy permission, proceeding with deploy
[debug] [2025-08-31T02:55:36.775Z] Checked if tokens are valid: true, expires at: 1756610077533
[debug] [2025-08-31T02:55:36.775Z] Checked if tokens are valid: true, expires at: 1756610077533
[debug] [2025-08-31T02:55:36.775Z] >>> [apiv2][query] POST https://cloudfunctions.googleapis.com/v2/projects/social-vault/locations/us-central1/functions:generateUploadUrl [none]
[debug] [2025-08-31T02:55:37.562Z] <<< [apiv2][status] POST https://cloudfunctions.googleapis.com/v2/projects/social-vault/locations/us-central1/functions:generateUploadUrl 200
[debug] [2025-08-31T02:55:37.562Z] <<< [apiv2][body] POST https://cloudfunctions.googleapis.com/v2/projects/social-vault/locations/us-central1/functions:generateUploadUrl {"uploadUrl":"https://storage.googleapis.com/gcf-v2-uploads-929613087809.us-central1.cloudfunctions.appspot.com/f7371bd5-ed5b-4107-ac85-bb81749039a9.zip?GoogleAccessId=service-929613087809@gcf-admin-robot.iam.gserviceaccount.com&Expires=1756610737&Signature=KmcwLQGgT70SN6%2BSi0WYtjpT5F9AoTcwC8nS%2FgEDMEMx3kxK60uqpm%2B5ZkfutNNfzYcm7fxR4FjAHTSHzUGsWp0KhyJBIVEvsNo8ddfTiAsYo%2FFpfbGMpIACi92Hkmg108KbFs8sCMyCh20ZrOMMxu%2FZhBsNXVsO8quMYfru79FzuirNGXhF%2BxpcMJjY%2BSg9QIHE9mpaKU9d3UXIgsCgdsCHnZgem6hO9OlP%2BSyquBRaebMgP7%2BddQXTrdrfyRV8LHqR%2FYpJ6%2FsdJdFKWvwAgm8b%2BUfR%2FWJ4BoeoGSG2FUsERetOtFW7aXciIxOfr48kNZ%2FIWOrrtV6kSzZv1QbH2A%3D%3D","storageSource":{"bucket":"gcf-v2-uploads-929613087809.us-central1.cloudfunctions.appspot.com","object":"f7371bd5-ed5b-4107-ac85-bb81749039a9.zip"}}
[debug] [2025-08-31T02:55:37.562Z] >>> [apiv2][query] PUT https://storage.googleapis.com/gcf-v2-uploads-929613087809.us-central1.cloudfunctions.appspot.com/f7371bd5-ed5b-4107-ac85-bb81749039a9.zip GoogleAccessId=service-929613087809%40gcf-admin-robot.iam.gserviceaccount.com&Expires=1756610737&Signature=KmcwLQGgT70SN6%2BSi0WYtjpT5F9AoTcwC8nS%2FgEDMEMx3kxK60uqpm%2B5ZkfutNNfzYcm7fxR4FjAHTSHzUGsWp0KhyJBIVEvsNo8ddfTiAsYo%2FFpfbGMpIACi92Hkmg108KbFs8sCMyCh20ZrOMMxu%2FZhBsNXVsO8quMYfru79FzuirNGXhF%2BxpcMJjY%2BSg9QIHE9mpaKU9d3UXIgsCgdsCHnZgem6hO9OlP%2BSyquBRaebMgP7%2BddQXTrdrfyRV8LHqR%2FYpJ6%2FsdJdFKWvwAgm8b%2BUfR%2FWJ4BoeoGSG2FUsERetOtFW7aXciIxOfr48kNZ%2FIWOrrtV6kSzZv1QbH2A%3D%3D
[debug] [2025-08-31T02:55:37.562Z] >>> [apiv2][body] PUT https://storage.googleapis.com/gcf-v2-uploads-929613087809.us-central1.cloudfunctions.appspot.com/f7371bd5-ed5b-4107-ac85-bb81749039a9.zip [stream]
[debug] [2025-08-31T02:55:38.181Z] <<< [apiv2][status] PUT https://storage.googleapis.com/gcf-v2-uploads-929613087809.us-central1.cloudfunctions.appspot.com/f7371bd5-ed5b-4107-ac85-bb81749039a9.zip 200
[debug] [2025-08-31T02:55:38.181Z] <<< [apiv2][body] PUT https://storage.googleapis.com/gcf-v2-uploads-929613087809.us-central1.cloudfunctions.appspot.com/f7371bd5-ed5b-4107-ac85-bb81749039a9.zip [omitted]
[info] +  functions: email_verification folder uploaded successfully 
[info] i  functions: creating Node.js 18 (2nd Gen) function email_verification:sendVerificationEmailHttp(us-central1)... 
[info] i  functions: updating Node.js 18 (2nd Gen) function email_verification:sendVerificationEmail(us-central1)... 
[info] i  functions: updating Node.js 18 (2nd Gen) function email_verification:verifyCode(us-central1)... 
[info] i  functions: updating Node.js 18 (2nd Gen) function email_verification:sendPasswordResetEmail(us-central1)... 
[debug] [2025-08-31T02:55:38.187Z] Checked if tokens are valid: true, expires at: 1756610077533
[debug] [2025-08-31T02:55:38.187Z] Checked if tokens are valid: true, expires at: 1756610077533
[debug] [2025-08-31T02:55:38.187Z] >>> [apiv2][query] POST https://cloudfunctions.googleapis.com/v2/projects/social-vault/locations/us-central1/functions functionId=sendVerificationEmailHttp
[debug] [2025-08-31T02:55:38.187Z] >>> [apiv2][body] POST https://cloudfunctions.googleapis.com/v2/projects/social-vault/locations/us-central1/functions {"name":"projects/social-vault/locations/us-central1/functions/sendVerificationEmailHttp","buildConfig":{"runtime":"nodejs18","entryPoint":"sendVerificationEmailHttp","source":{"storageSource":{"bucket":"gcf-v2-uploads-929613087809.us-central1.cloudfunctions.appspot.com","object":"f7371bd5-ed5b-4107-ac85-bb81749039a9.zip"}},"environmentVariables":{"GOOGLE_NODE_RUN_SCRIPTS":""}},"serviceConfig":{"environmentVariables":{"FIREBASE_CONFIG":"{\"projectId\":\"social-vault\",\"storageBucket\":\"social-vault.firebasestorage.app\"}","GCLOUD_PROJECT":"social-vault","EVENTARC_CLOUD_EVENT_SOURCE":"projects/social-vault/locations/us-central1/services/sendVerificationEmailHttp","FUNCTION_TARGET":"sendVerificationEmailHttp","LOG_EXECUTION_ID":"true"},"ingressSettings":null,"timeoutSeconds":null,"serviceAccountEmail":null,"availableMemory":"256Mi","minInstanceCount":null,"maxInstanceCount":null,"maxInstanceRequestConcurrency":80,"availableCpu":"1","vpcConnector":null,"vpcConnectorEgressSettings":null},"labels":{"deployment-tool":"cli-firebase","firebase-functions-codebase":"email_verification","firebase-functions-hash":"ed58201faacce34fe145b30110b03f5b324dafd2"}}
[debug] [2025-08-31T02:55:39.431Z] <<< [apiv2][status] POST https://cloudfunctions.googleapis.com/v2/projects/social-vault/locations/us-central1/functions 200
[debug] [2025-08-31T02:55:39.431Z] <<< [apiv2][body] POST https://cloudfunctions.googleapis.com/v2/projects/social-vault/locations/us-central1/functions {"name":"projects/social-vault/locations/us-central1/operations/operation-1756608938700-63da063ccedc2-416503a6-db45f368","metadata":{"@type":"type.googleapis.com/google.cloud.functions.v2.OperationMetadata","createTime":"2025-08-31T02:55:39.208479873Z","target":"projects/social-vault/locations/us-central1/functions/sendVerificationEmailHttp","verb":"create","cancelRequested":false,"apiVersion":"v2"},"done":false}
[debug] [2025-08-31T02:55:39.432Z] Checked if tokens are valid: true, expires at: 1756610077533
[debug] [2025-08-31T02:55:39.432Z] Checked if tokens are valid: true, expires at: 1756610077533
[debug] [2025-08-31T02:55:39.432Z] >>> [apiv2][query] GET https://cloudfunctions.googleapis.com/v2/projects/social-vault/locations/us-central1/operations/operation-1756608938700-63da063ccedc2-416503a6-db45f368 [none]
[debug] [2025-08-31T02:55:40.131Z] <<< [apiv2][status] GET https://cloudfunctions.googleapis.com/v2/projects/social-vault/locations/us-central1/operations/operation-1756608938700-63da063ccedc2-416503a6-db45f368 200
[debug] [2025-08-31T02:55:40.131Z] <<< [apiv2][body] GET https://cloudfunctions.googleapis.com/v2/projects/social-vault/locations/us-central1/operations/operation-1756608938700-63da063ccedc2-416503a6-db45f368 {"name":"projects/social-vault/locations/us-central1/operations/operation-1756608938700-63da063ccedc2-416503a6-db45f368","metadata":{"@type":"type.googleapis.com/google.cloud.functions.v2.OperationMetadata","createTime":"2025-08-31T02:55:39.208479873Z","target":"projects/social-vault/locations/us-central1/functions/sendVerificationEmailHttp","verb":"create","cancelRequested":false,"apiVersion":"v2","requestResource":{"@type":"type.googleapis.com/google.cloud.functions.v2.Function","name":"projects/social-vault/locations/us-central1/functions/sendVerificationEmailHttp","buildConfig":{"runtime":"nodejs18","entryPoint":"sendVerificationEmailHttp","source":{"storageSource":{"bucket":"gcf-v2-sources-929613087809-us-central1","object":"sendVerificationEmailHttp/function-source.zip","generation":"1756608938950805"}},"environmentVariables":{"GOOGLE_NODE_RUN_SCRIPTS":""},"serviceAccount":"projects/social-vault/serviceAccounts/929613087809-compute@developer.gserviceaccount.com","automaticUpdatePolicy":{}},"serviceConfig":{"service":"projects/social-vault/locations/us-central1/services/sendverificationemailhttp","timeoutSeconds":60,"environmentVariables":{"FIREBASE_CONFIG":"{\"projectId\":\"social-vault\",\"storageBucket\":\"social-vault.firebasestorage.app\"}","GCLOUD_PROJECT":"social-vault","EVENTARC_CLOUD_EVENT_SOURCE":"projects/social-vault/locations/us-central1/services/sendVerificationEmailHttp","FUNCTION_TARGET":"sendVerificationEmailHttp","LOG_EXECUTION_ID":"true"},"ingressSettings":"ALLOW_ALL","serviceAccountEmail":"929613087809-compute@developer.gserviceaccount.com","availableMemory":"256Mi","maxInstanceRequestConcurrency":80,"availableCpu":"1"},"labels":{"deployment-tool":"cli-firebase","firebase-functions-codebase":"email_verification","firebase-functions-hash":"ed58201faacce34fe145b30110b03f5b324dafd2"},"environment":"GEN_2"},"stages":[{"name":"BUILD","message":"Creating build","state":"IN_PROGRESS","resource":"projects/929613087809/locations/us-central1/builds/32923420-59c1-4dc9-91c5-e93dd560d9b8","resourceUri":"https://console.cloud.google.com/cloud-build/builds;region=us-central1/32923420-59c1-4dc9-91c5-e93dd560d9b8?project=929613087809"},{"name":"SERVICE","state":"NOT_STARTED"}],"operationType":"CREATE_FUNCTION","buildName":"projects/929613087809/locations/us-central1/builds/32923420-59c1-4dc9-91c5-e93dd560d9b8"},"done":false}
[debug] [2025-08-31T02:55:40.634Z] [create-email_verification-us-central1-sendVerificationEmailHttp] Retrying task index 0
[debug] [2025-08-31T02:55:40.634Z] Checked if tokens are valid: true, expires at: 1756610077533
[debug] [2025-08-31T02:55:40.634Z] Checked if tokens are valid: true, expires at: 1756610077533
[debug] [2025-08-31T02:55:40.634Z] >>> [apiv2][query] GET https://cloudfunctions.googleapis.com/v2/projects/social-vault/locations/us-central1/operations/operation-1756608938700-63da063ccedc2-416503a6-db45f368 [none]
[debug] [2025-08-31T02:55:41.346Z] <<< [apiv2][status] GET https://cloudfunctions.googleapis.com/v2/projects/social-vault/locations/us-central1/operations/operation-1756608938700-63da063ccedc2-416503a6-db45f368 200
[debug] [2025-08-31T02:55:41.346Z] <<< [apiv2][body] GET https://cloudfunctions.googleapis.com/v2/projects/social-vault/locations/us-central1/operations/operation-1756608938700-63da063ccedc2-416503a6-db45f368 {"name":"projects/social-vault/locations/us-central1/operations/operation-1756608938700-63da063ccedc2-416503a6-db45f368","metadata":{"@type":"type.googleapis.com/google.cloud.functions.v2.OperationMetadata","createTime":"2025-08-31T02:55:39.208479873Z","target":"projects/social-vault/locations/us-central1/functions/sendVerificationEmailHttp","verb":"create","cancelRequested":false,"apiVersion":"v2","requestResource":{"@type":"type.googleapis.com/google.cloud.functions.v2.Function","name":"projects/social-vault/locations/us-central1/functions/sendVerificationEmailHttp","buildConfig":{"runtime":"nodejs18","entryPoint":"sendVerificationEmailHttp","source":{"storageSource":{"bucket":"gcf-v2-sources-929613087809-us-central1","object":"sendVerificationEmailHttp/function-source.zip","generation":"1756608938950805"}},"environmentVariables":{"GOOGLE_NODE_RUN_SCRIPTS":""},"serviceAccount":"projects/social-vault/serviceAccounts/929613087809-compute@developer.gserviceaccount.com","automaticUpdatePolicy":{}},"serviceConfig":{"service":"projects/social-vault/locations/us-central1/services/sendverificationemailhttp","timeoutSeconds":60,"environmentVariables":{"FIREBASE_CONFIG":"{\"projectId\":\"social-vault\",\"storageBucket\":\"social-vault.firebasestorage.app\"}","GCLOUD_PROJECT":"social-vault","EVENTARC_CLOUD_EVENT_SOURCE":"projects/social-vault/locations/us-central1/services/sendVerificationEmailHttp","FUNCTION_TARGET":"sendVerificationEmailHttp","LOG_EXECUTION_ID":"true"},"ingressSettings":"ALLOW_ALL","serviceAccountEmail":"929613087809-compute@developer.gserviceaccount.com","availableMemory":"256Mi","maxInstanceRequestConcurrency":80,"availableCpu":"1"},"labels":{"deployment-tool":"cli-firebase","firebase-functions-codebase":"email_verification","firebase-functions-hash":"ed58201faacce34fe145b30110b03f5b324dafd2"},"environment":"GEN_2"},"stages":[{"name":"BUILD","message":"Build in progress","state":"IN_PROGRESS","resource":"projects/929613087809/locations/us-central1/builds/32923420-59c1-4dc9-91c5-e93dd560d9b8","resourceUri":"https://console.cloud.google.com/cloud-build/builds;region=us-central1/32923420-59c1-4dc9-91c5-e93dd560d9b8?project=929613087809"},{"name":"SERVICE","state":"NOT_STARTED"}],"operationType":"CREATE_FUNCTION","buildName":"projects/929613087809/locations/us-central1/builds/32923420-59c1-4dc9-91c5-e93dd560d9b8"},"done":false}
[debug] [2025-08-31T02:55:42.354Z] [create-email_verification-us-central1-sendVerificationEmailHttp] Retrying task index 0
[debug] [2025-08-31T02:55:42.355Z] Checked if tokens are valid: true, expires at: 1756610077533
[debug] [2025-08-31T02:55:42.355Z] Checked if tokens are valid: true, expires at: 1756610077533
[debug] [2025-08-31T02:55:42.355Z] >>> [apiv2][query] GET https://cloudfunctions.googleapis.com/v2/projects/social-vault/locations/us-central1/operations/operation-1756608938700-63da063ccedc2-416503a6-db45f368 [none]
[debug] [2025-08-31T02:55:43.063Z] <<< [apiv2][status] GET https://cloudfunctions.googleapis.com/v2/projects/social-vault/locations/us-central1/operations/operation-1756608938700-63da063ccedc2-416503a6-db45f368 200
[debug] [2025-08-31T02:55:43.063Z] <<< [apiv2][body] GET https://cloudfunctions.googleapis.com/v2/projects/social-vault/locations/us-central1/operations/operation-1756608938700-63da063ccedc2-416503a6-db45f368 {"name":"projects/social-vault/locations/us-central1/operations/operation-1756608938700-63da063ccedc2-416503a6-db45f368","metadata":{"@type":"type.googleapis.com/google.cloud.functions.v2.OperationMetadata","createTime":"2025-08-31T02:55:39.208479873Z","target":"projects/social-vault/locations/us-central1/functions/sendVerificationEmailHttp","verb":"create","cancelRequested":false,"apiVersion":"v2","requestResource":{"@type":"type.googleapis.com/google.cloud.functions.v2.Function","name":"projects/social-vault/locations/us-central1/functions/sendVerificationEmailHttp","buildConfig":{"runtime":"nodejs18","entryPoint":"sendVerificationEmailHttp","source":{"storageSource":{"bucket":"gcf-v2-sources-929613087809-us-central1","object":"sendVerificationEmailHttp/function-source.zip","generation":"1756608938950805"}},"environmentVariables":{"GOOGLE_NODE_RUN_SCRIPTS":""},"serviceAccount":"projects/social-vault/serviceAccounts/929613087809-compute@developer.gserviceaccount.com","automaticUpdatePolicy":{}},"serviceConfig":{"service":"projects/social-vault/locations/us-central1/services/sendverificationemailhttp","timeoutSeconds":60,"environmentVariables":{"FIREBASE_CONFIG":"{\"projectId\":\"social-vault\",\"storageBucket\":\"social-vault.firebasestorage.app\"}","GCLOUD_PROJECT":"social-vault","EVENTARC_CLOUD_EVENT_SOURCE":"projects/social-vault/locations/us-central1/services/sendVerificationEmailHttp","FUNCTION_TARGET":"sendVerificationEmailHttp","LOG_EXECUTION_ID":"true"},"ingressSettings":"ALLOW_ALL","serviceAccountEmail":"929613087809-compute@developer.gserviceaccount.com","availableMemory":"256Mi","maxInstanceRequestConcurrency":80,"availableCpu":"1"},"labels":{"deployment-tool":"cli-firebase","firebase-functions-codebase":"email_verification","firebase-functions-hash":"ed58201faacce34fe145b30110b03f5b324dafd2"},"environment":"GEN_2"},"stages":[{"name":"BUILD","message":"Build in progress","state":"IN_PROGRESS","resource":"projects/929613087809/locations/us-central1/builds/32923420-59c1-4dc9-91c5-e93dd560d9b8","resourceUri":"https://console.cloud.google.com/cloud-build/builds;region=us-central1/32923420-59c1-4dc9-91c5-e93dd560d9b8?project=929613087809"},{"name":"SERVICE","state":"NOT_STARTED"}],"operationType":"CREATE_FUNCTION","buildName":"projects/929613087809/locations/us-central1/builds/32923420-59c1-4dc9-91c5-e93dd560d9b8"},"done":false}
[debug] [2025-08-31T02:55:45.075Z] [create-email_verification-us-central1-sendVerificationEmailHttp] Retrying task index 0
[debug] [2025-08-31T02:55:45.076Z] Checked if tokens are valid: true, expires at: 1756610077533
[debug] [2025-08-31T02:55:45.076Z] Checked if tokens are valid: true, expires at: 1756610077533
[debug] [2025-08-31T02:55:45.076Z] >>> [apiv2][query] GET https://cloudfunctions.googleapis.com/v2/projects/social-vault/locations/us-central1/operations/operation-1756608938700-63da063ccedc2-416503a6-db45f368 [none]
[debug] [2025-08-31T02:55:45.788Z] <<< [apiv2][status] GET https://cloudfunctions.googleapis.com/v2/projects/social-vault/locations/us-central1/operations/operation-1756608938700-63da063ccedc2-416503a6-db45f368 200
[debug] [2025-08-31T02:55:45.788Z] <<< [apiv2][body] GET https://cloudfunctions.googleapis.com/v2/projects/social-vault/locations/us-central1/operations/operation-1756608938700-63da063ccedc2-416503a6-db45f368 {"name":"projects/social-vault/locations/us-central1/operations/operation-1756608938700-63da063ccedc2-416503a6-db45f368","metadata":{"@type":"type.googleapis.com/google.cloud.functions.v2.OperationMetadata","createTime":"2025-08-31T02:55:39.208479873Z","target":"projects/social-vault/locations/us-central1/functions/sendVerificationEmailHttp","verb":"create","cancelRequested":false,"apiVersion":"v2","requestResource":{"@type":"type.googleapis.com/google.cloud.functions.v2.Function","name":"projects/social-vault/locations/us-central1/functions/sendVerificationEmailHttp","buildConfig":{"runtime":"nodejs18","entryPoint":"sendVerificationEmailHttp","source":{"storageSource":{"bucket":"gcf-v2-sources-929613087809-us-central1","object":"sendVerificationEmailHttp/function-source.zip","generation":"1756608938950805"}},"environmentVariables":{"GOOGLE_NODE_RUN_SCRIPTS":""},"serviceAccount":"projects/social-vault/serviceAccounts/929613087809-compute@developer.gserviceaccount.com","automaticUpdatePolicy":{}},"serviceConfig":{"service":"projects/social-vault/locations/us-central1/services/sendverificationemailhttp","timeoutSeconds":60,"environmentVariables":{"FIREBASE_CONFIG":"{\"projectId\":\"social-vault\",\"storageBucket\":\"social-vault.firebasestorage.app\"}","GCLOUD_PROJECT":"social-vault","EVENTARC_CLOUD_EVENT_SOURCE":"projects/social-vault/locations/us-central1/services/sendVerificationEmailHttp","FUNCTION_TARGET":"sendVerificationEmailHttp","LOG_EXECUTION_ID":"true"},"ingressSettings":"ALLOW_ALL","serviceAccountEmail":"929613087809-compute@developer.gserviceaccount.com","availableMemory":"256Mi","maxInstanceRequestConcurrency":80,"availableCpu":"1"},"labels":{"deployment-tool":"cli-firebase","firebase-functions-codebase":"email_verification","firebase-functions-hash":"ed58201faacce34fe145b30110b03f5b324dafd2"},"environment":"GEN_2"},"stages":[{"name":"BUILD","message":"Build in progress","state":"IN_PROGRESS","resource":"projects/929613087809/locations/us-central1/builds/32923420-59c1-4dc9-91c5-e93dd560d9b8","resourceUri":"https://console.cloud.google.com/cloud-build/builds;region=us-central1/32923420-59c1-4dc9-91c5-e93dd560d9b8?project=929613087809"},{"name":"SERVICE","state":"NOT_STARTED"}],"operationType":"CREATE_FUNCTION","buildName":"projects/929613087809/locations/us-central1/builds/32923420-59c1-4dc9-91c5-e93dd560d9b8"},"done":false}
[debug] [2025-08-31T02:55:49.790Z] [create-email_verification-us-central1-sendVerificationEmailHttp] Retrying task index 0
[debug] [2025-08-31T02:55:49.790Z] Checked if tokens are valid: true, expires at: 1756610077533
[debug] [2025-08-31T02:55:49.790Z] Checked if tokens are valid: true, expires at: 1756610077533
[debug] [2025-08-31T02:55:49.790Z] >>> [apiv2][query] GET https://cloudfunctions.googleapis.com/v2/projects/social-vault/locations/us-central1/operations/operation-1756608938700-63da063ccedc2-416503a6-db45f368 [none]
[debug] [2025-08-31T02:55:50.510Z] <<< [apiv2][status] GET https://cloudfunctions.googleapis.com/v2/projects/social-vault/locations/us-central1/operations/operation-1756608938700-63da063ccedc2-416503a6-db45f368 200
[debug] [2025-08-31T02:55:50.510Z] <<< [apiv2][body] GET https://cloudfunctions.googleapis.com/v2/projects/social-vault/locations/us-central1/operations/operation-1756608938700-63da063ccedc2-416503a6-db45f368 {"name":"projects/social-vault/locations/us-central1/operations/operation-1756608938700-63da063ccedc2-416503a6-db45f368","metadata":{"@type":"type.googleapis.com/google.cloud.functions.v2.OperationMetadata","createTime":"2025-08-31T02:55:39.208479873Z","target":"projects/social-vault/locations/us-central1/functions/sendVerificationEmailHttp","verb":"create","cancelRequested":false,"apiVersion":"v2","requestResource":{"@type":"type.googleapis.com/google.cloud.functions.v2.Function","name":"projects/social-vault/locations/us-central1/functions/sendVerificationEmailHttp","buildConfig":{"runtime":"nodejs18","entryPoint":"sendVerificationEmailHttp","source":{"storageSource":{"bucket":"gcf-v2-sources-929613087809-us-central1","object":"sendVerificationEmailHttp/function-source.zip","generation":"1756608938950805"}},"environmentVariables":{"GOOGLE_NODE_RUN_SCRIPTS":""},"serviceAccount":"projects/social-vault/serviceAccounts/929613087809-compute@developer.gserviceaccount.com","automaticUpdatePolicy":{}},"serviceConfig":{"service":"projects/social-vault/locations/us-central1/services/sendverificationemailhttp","timeoutSeconds":60,"environmentVariables":{"FIREBASE_CONFIG":"{\"projectId\":\"social-vault\",\"storageBucket\":\"social-vault.firebasestorage.app\"}","GCLOUD_PROJECT":"social-vault","EVENTARC_CLOUD_EVENT_SOURCE":"projects/social-vault/locations/us-central1/services/sendVerificationEmailHttp","FUNCTION_TARGET":"sendVerificationEmailHttp","LOG_EXECUTION_ID":"true"},"ingressSettings":"ALLOW_ALL","serviceAccountEmail":"929613087809-compute@developer.gserviceaccount.com","availableMemory":"256Mi","maxInstanceRequestConcurrency":80,"availableCpu":"1"},"labels":{"deployment-tool":"cli-firebase","firebase-functions-codebase":"email_verification","firebase-functions-hash":"ed58201faacce34fe145b30110b03f5b324dafd2"},"environment":"GEN_2"},"stages":[{"name":"BUILD","message":"Build in progress","state":"IN_PROGRESS","resource":"projects/929613087809/locations/us-central1/builds/32923420-59c1-4dc9-91c5-e93dd560d9b8","resourceUri":"https://console.cloud.google.com/cloud-build/builds;region=us-central1/32923420-59c1-4dc9-91c5-e93dd560d9b8?project=929613087809"},{"name":"SERVICE","state":"NOT_STARTED"}],"operationType":"CREATE_FUNCTION","buildName":"projects/929613087809/locations/us-central1/builds/32923420-59c1-4dc9-91c5-e93dd560d9b8"},"done":false}
[debug] [2025-08-31T02:55:58.518Z] [create-email_verification-us-central1-sendVerificationEmailHttp] Retrying task index 0
[debug] [2025-08-31T02:55:58.518Z] Checked if tokens are valid: true, expires at: 1756610077533
[debug] [2025-08-31T02:55:58.518Z] Checked if tokens are valid: true, expires at: 1756610077533
[debug] [2025-08-31T02:55:58.518Z] >>> [apiv2][query] GET https://cloudfunctions.googleapis.com/v2/projects/social-vault/locations/us-central1/operations/operation-1756608938700-63da063ccedc2-416503a6-db45f368 [none]
[debug] [2025-08-31T02:55:59.302Z] <<< [apiv2][status] GET https://cloudfunctions.googleapis.com/v2/projects/social-vault/locations/us-central1/operations/operation-1756608938700-63da063ccedc2-416503a6-db45f368 200
[debug] [2025-08-31T02:55:59.303Z] <<< [apiv2][body] GET https://cloudfunctions.googleapis.com/v2/projects/social-vault/locations/us-central1/operations/operation-1756608938700-63da063ccedc2-416503a6-db45f368 {"name":"projects/social-vault/locations/us-central1/operations/operation-1756608938700-63da063ccedc2-416503a6-db45f368","metadata":{"@type":"type.googleapis.com/google.cloud.functions.v2.OperationMetadata","createTime":"2025-08-31T02:55:39.208479873Z","target":"projects/social-vault/locations/us-central1/functions/sendVerificationEmailHttp","verb":"create","cancelRequested":false,"apiVersion":"v2","requestResource":{"@type":"type.googleapis.com/google.cloud.functions.v2.Function","name":"projects/social-vault/locations/us-central1/functions/sendVerificationEmailHttp","buildConfig":{"runtime":"nodejs18","entryPoint":"sendVerificationEmailHttp","source":{"storageSource":{"bucket":"gcf-v2-sources-929613087809-us-central1","object":"sendVerificationEmailHttp/function-source.zip","generation":"1756608938950805"}},"environmentVariables":{"GOOGLE_NODE_RUN_SCRIPTS":""},"serviceAccount":"projects/social-vault/serviceAccounts/929613087809-compute@developer.gserviceaccount.com","automaticUpdatePolicy":{}},"serviceConfig":{"service":"projects/social-vault/locations/us-central1/services/sendverificationemailhttp","timeoutSeconds":60,"environmentVariables":{"FIREBASE_CONFIG":"{\"projectId\":\"social-vault\",\"storageBucket\":\"social-vault.firebasestorage.app\"}","GCLOUD_PROJECT":"social-vault","EVENTARC_CLOUD_EVENT_SOURCE":"projects/social-vault/locations/us-central1/services/sendVerificationEmailHttp","FUNCTION_TARGET":"sendVerificationEmailHttp","LOG_EXECUTION_ID":"true"},"ingressSettings":"ALLOW_ALL","serviceAccountEmail":"929613087809-compute@developer.gserviceaccount.com","availableMemory":"256Mi","maxInstanceRequestConcurrency":80,"availableCpu":"1"},"labels":{"deployment-tool":"cli-firebase","firebase-functions-codebase":"email_verification","firebase-functions-hash":"ed58201faacce34fe145b30110b03f5b324dafd2"},"environment":"GEN_2"},"stages":[{"name":"BUILD","message":"Build in progress","state":"IN_PROGRESS","resource":"projects/929613087809/locations/us-central1/builds/32923420-59c1-4dc9-91c5-e93dd560d9b8","resourceUri":"https://console.cloud.google.com/cloud-build/builds;region=us-central1/32923420-59c1-4dc9-91c5-e93dd560d9b8?project=929613087809"},{"name":"SERVICE","state":"NOT_STARTED"}],"operationType":"CREATE_FUNCTION","buildName":"projects/929613087809/locations/us-central1/builds/32923420-59c1-4dc9-91c5-e93dd560d9b8"},"done":false}
[debug] [2025-08-31T02:56:09.303Z] [create-email_verification-us-central1-sendVerificationEmailHttp] Retrying task index 0
[debug] [2025-08-31T02:56:09.304Z] Checked if tokens are valid: true, expires at: 1756610077533
[debug] [2025-08-31T02:56:09.304Z] Checked if tokens are valid: true, expires at: 1756610077533
[debug] [2025-08-31T02:56:09.304Z] >>> [apiv2][query] GET https://cloudfunctions.googleapis.com/v2/projects/social-vault/locations/us-central1/operations/operation-1756608938700-63da063ccedc2-416503a6-db45f368 [none]
[debug] [2025-08-31T02:56:10.094Z] <<< [apiv2][status] GET https://cloudfunctions.googleapis.com/v2/projects/social-vault/locations/us-central1/operations/operation-1756608938700-63da063ccedc2-416503a6-db45f368 200
[debug] [2025-08-31T02:56:10.094Z] <<< [apiv2][body] GET https://cloudfunctions.googleapis.com/v2/projects/social-vault/locations/us-central1/operations/operation-1756608938700-63da063ccedc2-416503a6-db45f368 {"name":"projects/social-vault/locations/us-central1/operations/operation-1756608938700-63da063ccedc2-416503a6-db45f368","metadata":{"@type":"type.googleapis.com/google.cloud.functions.v2.OperationMetadata","createTime":"2025-08-31T02:55:39.208479873Z","target":"projects/social-vault/locations/us-central1/functions/sendVerificationEmailHttp","verb":"create","cancelRequested":false,"apiVersion":"v2","requestResource":{"@type":"type.googleapis.com/google.cloud.functions.v2.Function","name":"projects/social-vault/locations/us-central1/functions/sendVerificationEmailHttp","buildConfig":{"runtime":"nodejs18","entryPoint":"sendVerificationEmailHttp","source":{"storageSource":{"bucket":"gcf-v2-sources-929613087809-us-central1","object":"sendVerificationEmailHttp/function-source.zip","generation":"1756608938950805"}},"environmentVariables":{"GOOGLE_NODE_RUN_SCRIPTS":""},"serviceAccount":"projects/social-vault/serviceAccounts/929613087809-compute@developer.gserviceaccount.com","automaticUpdatePolicy":{}},"serviceConfig":{"service":"projects/social-vault/locations/us-central1/services/sendverificationemailhttp","timeoutSeconds":60,"environmentVariables":{"FIREBASE_CONFIG":"{\"projectId\":\"social-vault\",\"storageBucket\":\"social-vault.firebasestorage.app\"}","GCLOUD_PROJECT":"social-vault","EVENTARC_CLOUD_EVENT_SOURCE":"projects/social-vault/locations/us-central1/services/sendVerificationEmailHttp","FUNCTION_TARGET":"sendVerificationEmailHttp","LOG_EXECUTION_ID":"true"},"ingressSettings":"ALLOW_ALL","serviceAccountEmail":"929613087809-compute@developer.gserviceaccount.com","availableMemory":"256Mi","maxInstanceRequestConcurrency":80,"availableCpu":"1"},"labels":{"deployment-tool":"cli-firebase","firebase-functions-codebase":"email_verification","firebase-functions-hash":"ed58201faacce34fe145b30110b03f5b324dafd2"},"environment":"GEN_2"},"stages":[{"name":"BUILD","message":"Build in progress","state":"IN_PROGRESS","resource":"projects/929613087809/locations/us-central1/builds/32923420-59c1-4dc9-91c5-e93dd560d9b8","resourceUri":"https://console.cloud.google.com/cloud-build/builds;region=us-central1/32923420-59c1-4dc9-91c5-e93dd560d9b8?project=929613087809"},{"name":"SERVICE","state":"NOT_STARTED"}],"operationType":"CREATE_FUNCTION","buildName":"projects/929613087809/locations/us-central1/builds/32923420-59c1-4dc9-91c5-e93dd560d9b8"},"done":false}
[debug] [2025-08-31T02:56:20.107Z] [create-email_verification-us-central1-sendVerificationEmailHttp] Retrying task index 0
[debug] [2025-08-31T02:56:20.107Z] Checked if tokens are valid: true, expires at: 1756610077533
[debug] [2025-08-31T02:56:20.107Z] Checked if tokens are valid: true, expires at: 1756610077533
[debug] [2025-08-31T02:56:20.107Z] >>> [apiv2][query] GET https://cloudfunctions.googleapis.com/v2/projects/social-vault/locations/us-central1/operations/operation-1756608938700-63da063ccedc2-416503a6-db45f368 [none]
[debug] [2025-08-31T02:56:20.892Z] <<< [apiv2][status] GET https://cloudfunctions.googleapis.com/v2/projects/social-vault/locations/us-central1/operations/operation-1756608938700-63da063ccedc2-416503a6-db45f368 200
[debug] [2025-08-31T02:56:20.893Z] <<< [apiv2][body] GET https://cloudfunctions.googleapis.com/v2/projects/social-vault/locations/us-central1/operations/operation-1756608938700-63da063ccedc2-416503a6-db45f368 {"name":"projects/social-vault/locations/us-central1/operations/operation-1756608938700-63da063ccedc2-416503a6-db45f368","metadata":{"@type":"type.googleapis.com/google.cloud.functions.v2.OperationMetadata","createTime":"2025-08-31T02:55:39.208479873Z","target":"projects/social-vault/locations/us-central1/functions/sendVerificationEmailHttp","verb":"create","cancelRequested":false,"apiVersion":"v2","requestResource":{"@type":"type.googleapis.com/google.cloud.functions.v2.Function","name":"projects/social-vault/locations/us-central1/functions/sendVerificationEmailHttp","buildConfig":{"runtime":"nodejs18","entryPoint":"sendVerificationEmailHttp","source":{"storageSource":{"bucket":"gcf-v2-sources-929613087809-us-central1","object":"sendVerificationEmailHttp/function-source.zip","generation":"1756608938950805"}},"environmentVariables":{"GOOGLE_NODE_RUN_SCRIPTS":""},"serviceAccount":"projects/social-vault/serviceAccounts/929613087809-compute@developer.gserviceaccount.com","automaticUpdatePolicy":{}},"serviceConfig":{"service":"projects/social-vault/locations/us-central1/services/sendverificationemailhttp","timeoutSeconds":60,"environmentVariables":{"FIREBASE_CONFIG":"{\"projectId\":\"social-vault\",\"storageBucket\":\"social-vault.firebasestorage.app\"}","GCLOUD_PROJECT":"social-vault","EVENTARC_CLOUD_EVENT_SOURCE":"projects/social-vault/locations/us-central1/services/sendVerificationEmailHttp","FUNCTION_TARGET":"sendVerificationEmailHttp","LOG_EXECUTION_ID":"true"},"ingressSettings":"ALLOW_ALL","serviceAccountEmail":"929613087809-compute@developer.gserviceaccount.com","availableMemory":"256Mi","maxInstanceRequestConcurrency":80,"availableCpu":"1"},"labels":{"deployment-tool":"cli-firebase","firebase-functions-codebase":"email_verification","firebase-functions-hash":"ed58201faacce34fe145b30110b03f5b324dafd2"},"environment":"GEN_2"},"stages":[{"name":"BUILD","message":"Build in progress","state":"IN_PROGRESS","resource":"projects/929613087809/locations/us-central1/builds/32923420-59c1-4dc9-91c5-e93dd560d9b8","resourceUri":"https://console.cloud.google.com/cloud-build/builds;region=us-central1/32923420-59c1-4dc9-91c5-e93dd560d9b8?project=929613087809"},{"name":"SERVICE","state":"NOT_STARTED"}],"operationType":"CREATE_FUNCTION","buildName":"projects/929613087809/locations/us-central1/builds/32923420-59c1-4dc9-91c5-e93dd560d9b8"},"done":false}
